<?xml version="1.0" encoding="UTF-8"?>
<testng-results ignored="0" total="1" passed="1" failed="0" skipped="0">
  <reporter-output>
  </reporter-output>
  <suite started-at="2023-03-07T12:10:03 IST" name="Default suite" finished-at="2023-03-07T12:10:52 IST" duration-ms="48656">
    <groups>
    </groups>
    <test started-at="2023-03-07T12:10:03 IST" name="Default test" finished-at="2023-03-07T12:10:52 IST" duration-ms="48656">
      <class name="PracticeTestScript.dataDrivenPractice.BrokenLink">
        <test-method signature="testAllLink()[pri:0, instance:PracticeTestScript.dataDrivenPractice.BrokenLink@750e2b97]" started-at="2023-03-07T12:10:03 IST" name="testAllLink" finished-at="2023-03-07T12:10:52 IST" duration-ms="48592" status="PASS">
          <reporter-output>
          </reporter-output>
        </test-method> <!-- testAllLink -->
      </class> <!-- PracticeTestScript.dataDrivenPractice.BrokenLink -->
    </test> <!-- Default test -->
  </suite> <!-- Default suite -->
</testng-results>
